mode: set
certengine.kubebuilder.domain/controllers/certengine_controller.go:77.36,79.2 1 0
certengine.kubebuilder.domain/controllers/certengine_controller.go:80.58,82.2 1 0
certengine.kubebuilder.domain/controllers/certengine_controller.go:83.52,85.2 1 0
certengine.kubebuilder.domain/controllers/certengine_controller.go:87.88,95.2 5 0
certengine.kubebuilder.domain/controllers/certengine_controller.go:110.53,119.54 4 0
certengine.kubebuilder.domain/controllers/certengine_controller.go:144.2,145.16 2 0
certengine.kubebuilder.domain/controllers/certengine_controller.go:149.2,150.32 1 0
certengine.kubebuilder.domain/controllers/certengine_controller.go:119.54,121.3 1 0
certengine.kubebuilder.domain/controllers/certengine_controller.go:121.8,121.47 1 0
certengine.kubebuilder.domain/controllers/certengine_controller.go:121.47,125.17 2 0
certengine.kubebuilder.domain/controllers/certengine_controller.go:130.3,131.17 2 0
certengine.kubebuilder.domain/controllers/certengine_controller.go:134.3,135.17 2 0
certengine.kubebuilder.domain/controllers/certengine_controller.go:138.3,138.20 1 0
certengine.kubebuilder.domain/controllers/certengine_controller.go:125.17,127.4 1 0
certengine.kubebuilder.domain/controllers/certengine_controller.go:131.17,133.4 1 0
certengine.kubebuilder.domain/controllers/certengine_controller.go:135.17,137.4 1 0
certengine.kubebuilder.domain/controllers/certengine_controller.go:145.16,147.3 1 0
certengine.kubebuilder.domain/controllers/certengine_controller.go:153.75,161.64 3 0
certengine.kubebuilder.domain/controllers/certengine_controller.go:164.2,164.49 1 0
certengine.kubebuilder.domain/controllers/certengine_controller.go:173.2,173.56 1 0
certengine.kubebuilder.domain/controllers/certengine_controller.go:161.64,163.3 1 0
certengine.kubebuilder.domain/controllers/certengine_controller.go:164.49,170.3 1 0
certengine.kubebuilder.domain/controllers/certengine_controller.go:176.75,179.2 1 0
certengine.kubebuilder.domain/controllers/certengine_controller.go:181.65,184.16 2 0
certengine.kubebuilder.domain/controllers/certengine_controller.go:189.2,199.23 3 0
certengine.kubebuilder.domain/controllers/certengine_controller.go:203.2,208.16 3 0
certengine.kubebuilder.domain/controllers/certengine_controller.go:213.2,214.16 2 0
certengine.kubebuilder.domain/controllers/certengine_controller.go:219.2,223.16 3 0
certengine.kubebuilder.domain/controllers/certengine_controller.go:227.2,236.16 4 0
certengine.kubebuilder.domain/controllers/certengine_controller.go:243.2,291.56 15 0
certengine.kubebuilder.domain/controllers/certengine_controller.go:184.16,187.3 2 0
certengine.kubebuilder.domain/controllers/certengine_controller.go:199.23,201.3 1 0
certengine.kubebuilder.domain/controllers/certengine_controller.go:208.16,211.3 2 0
certengine.kubebuilder.domain/controllers/certengine_controller.go:214.16,217.3 2 0
certengine.kubebuilder.domain/controllers/certengine_controller.go:223.16,226.3 2 0
certengine.kubebuilder.domain/controllers/certengine_controller.go:236.16,238.3 1 0
certengine.kubebuilder.domain/controllers/certengine_controller.go:298.81,303.68 4 0
certengine.kubebuilder.domain/controllers/certengine_controller.go:311.2,314.54 2 0
certengine.kubebuilder.domain/controllers/certengine_controller.go:355.2,361.16 6 0
certengine.kubebuilder.domain/controllers/certengine_controller.go:375.2,383.51 8 0
certengine.kubebuilder.domain/controllers/certengine_controller.go:389.2,410.51 21 0
certengine.kubebuilder.domain/controllers/certengine_controller.go:417.2,417.92 1 0
certengine.kubebuilder.domain/controllers/certengine_controller.go:538.2,540.16 2 0
certengine.kubebuilder.domain/controllers/certengine_controller.go:545.2,545.47 1 0
certengine.kubebuilder.domain/controllers/certengine_controller.go:550.2,550.27 1 0
certengine.kubebuilder.domain/controllers/certengine_controller.go:303.68,309.3 2 0
certengine.kubebuilder.domain/controllers/certengine_controller.go:314.54,318.73 1 0
certengine.kubebuilder.domain/controllers/certengine_controller.go:318.73,320.70 2 0
certengine.kubebuilder.domain/controllers/certengine_controller.go:320.70,322.5 1 0
certengine.kubebuilder.domain/controllers/certengine_controller.go:324.8,326.72 1 0
certengine.kubebuilder.domain/controllers/certengine_controller.go:352.3,352.28 1 0
certengine.kubebuilder.domain/controllers/certengine_controller.go:326.72,328.62 1 0
certengine.kubebuilder.domain/controllers/certengine_controller.go:333.4,333.65 1 0
certengine.kubebuilder.domain/controllers/certengine_controller.go:338.4,338.59 1 0
certengine.kubebuilder.domain/controllers/certengine_controller.go:345.4,346.70 2 0
certengine.kubebuilder.domain/controllers/certengine_controller.go:328.62,332.5 1 0
certengine.kubebuilder.domain/controllers/certengine_controller.go:333.65,337.5 1 0
certengine.kubebuilder.domain/controllers/certengine_controller.go:338.59,342.5 1 0
certengine.kubebuilder.domain/controllers/certengine_controller.go:346.70,348.5 1 0
certengine.kubebuilder.domain/controllers/certengine_controller.go:361.16,364.3 2 0
certengine.kubebuilder.domain/controllers/certengine_controller.go:383.51,386.3 1 0
certengine.kubebuilder.domain/controllers/certengine_controller.go:410.51,414.3 1 0
certengine.kubebuilder.domain/controllers/certengine_controller.go:417.92,533.3 11 0
certengine.kubebuilder.domain/controllers/certengine_controller.go:540.17,544.3 0 0
certengine.kubebuilder.domain/controllers/certengine_controller.go:545.47,548.3 2 0
certengine.kubebuilder.domain/controllers/certengine_controller.go:554.82,556.63 1 0
certengine.kubebuilder.domain/controllers/certengine_controller.go:559.2,559.12 1 0
certengine.kubebuilder.domain/controllers/certengine_controller.go:556.63,558.3 1 0
certengine.kubebuilder.domain/controllers/certengine_controller.go:561.91,563.66 1 0
certengine.kubebuilder.domain/controllers/certengine_controller.go:566.2,566.12 1 0
certengine.kubebuilder.domain/controllers/certengine_controller.go:563.66,565.3 1 0
certengine.kubebuilder.domain/controllers/certengine_controller.go:568.85,570.64 1 0
certengine.kubebuilder.domain/controllers/certengine_controller.go:573.2,573.12 1 0
certengine.kubebuilder.domain/controllers/certengine_controller.go:570.64,572.3 1 0
certengine.kubebuilder.domain/controllers/certengine_controller.go:577.52,578.29 1 0
certengine.kubebuilder.domain/controllers/certengine_controller.go:583.2,583.14 1 0
certengine.kubebuilder.domain/controllers/certengine_controller.go:578.29,579.16 1 0
certengine.kubebuilder.domain/controllers/certengine_controller.go:579.16,581.4 1 0
certengine.kubebuilder.domain/controllers/certengine_controller.go:586.63,587.29 1 0
certengine.kubebuilder.domain/controllers/certengine_controller.go:593.2,593.8 1 0
certengine.kubebuilder.domain/controllers/certengine_controller.go:587.29,588.16 1 0
certengine.kubebuilder.domain/controllers/certengine_controller.go:591.3,591.32 1 0
certengine.kubebuilder.domain/controllers/certengine_controller.go:588.16,589.12 1 0
certengine.kubebuilder.domain/controllers/certengine_controller.go:596.73,600.2 1 0
